app/build/intermediates/manifest_merge_blame_file/debug/processDebugMainManifest/manifest-merger-blame-debug-report.txt
1<?xml version="1.0" encoding="utf-8"?>
2<manifest xmlns:android="http://schemas.android.com/apk/res/android"
3    package="com.example.swarguru"
4    android:versionCode="1"
5    android:versionName="1.0" >
6
7    <uses-sdk
8        android:minSdkVersion="24"
9        android:targetSdkVersion="34" />
10
11    <permission
11-->[androidx.core:core:1.10.1] AndroidManifest.xml:22:5-24:47
12        android:name="com.example.swarguru.DYNAMIC_RECEIVER_NOT_EXPORTED_PERMISSION"
12-->[androidx.core:core:1.10.1] AndroidManifest.xml:23:9-81
13        android:protectionLevel="signature" />
13-->[androidx.core:core:1.10.1] AndroidManifest.xml:24:9-44
14
15    <uses-permission android:name="com.example.swarguru.DYNAMIC_RECEIVER_NOT_EXPORTED_PERMISSION" />
15-->[androidx.core:core:1.10.1] AndroidManifest.xml:26:5-97
15-->[androidx.core:core:1.10.1] AndroidManifest.xml:26:22-94
16
17    <application
17-->src\main\AndroidManifest.xml:5:5-92:19
18        android:allowBackup="true"
18-->src\main\AndroidManifest.xml:6:9-35
19        android:appComponentFactory="androidx.core.app.CoreComponentFactory"
19-->[androidx.core:core:1.10.1] AndroidManifest.xml:28:18-86
20        android:dataExtractionRules="@xml/data_extraction_rules"
20-->src\main\AndroidManifest.xml:7:9-65
21        android:debuggable="true"
22        android:extractNativeLibs="false"
23        android:fullBackupContent="@xml/backup_rules"
23-->src\main\AndroidManifest.xml:8:9-54
24        android:icon="@mipmap/ic_launcher"
24-->src\main\AndroidManifest.xml:9:9-43
25        android:label="@string/app_name"
25-->src\main\AndroidManifest.xml:10:9-41
26        android:roundIcon="@mipmap/ic_launcher_round"
26-->src\main\AndroidManifest.xml:11:9-54
27        android:supportsRtl="true"
27-->src\main\AndroidManifest.xml:12:9-35
28        android:testOnly="true"
29        android:theme="@style/Theme.SwarGuru" >
29-->src\main\AndroidManifest.xml:13:9-46
30        <activity
30-->src\main\AndroidManifest.xml:15:9-17:40
31            android:name="com.example.swarguru.QuizActivity"
31-->src\main\AndroidManifest.xml:16:13-41
32            android:exported="false" />
32-->src\main\AndroidManifest.xml:17:13-37
33        <activity
33-->src\main\AndroidManifest.xml:18:9-20:40
34            android:name="com.example.swarguru.Profile_speechtherapyActivity"
34-->src\main\AndroidManifest.xml:19:13-58
35            android:exported="false" />
35-->src\main\AndroidManifest.xml:20:13-37
36        <activity
36-->src\main\AndroidManifest.xml:21:9-23:40
37            android:name="com.example.swarguru.Profile_ChangepasswordActivity"
37-->src\main\AndroidManifest.xml:22:13-59
38            android:exported="false" />
38-->src\main\AndroidManifest.xml:23:13-37
39        <activity
39-->src\main\AndroidManifest.xml:24:9-26:40
40            android:name="com.example.swarguru.Profile_EditbuttonActivity"
40-->src\main\AndroidManifest.xml:25:13-55
41            android:exported="false" />
41-->src\main\AndroidManifest.xml:26:13-37
42        <activity
42-->src\main\AndroidManifest.xml:27:9-29:40
43            android:name="com.example.swarguru.AnimationActivity"
43-->src\main\AndroidManifest.xml:28:13-46
44            android:exported="false" />
44-->src\main\AndroidManifest.xml:29:13-37
45        <activity
45-->src\main\AndroidManifest.xml:30:9-32:40
46            android:name="com.example.swarguru.Letter_Words_Activity"
46-->src\main\AndroidManifest.xml:31:13-50
47            android:exported="false" />
47-->src\main\AndroidManifest.xml:32:13-37
48        <activity
48-->src\main\AndroidManifest.xml:33:9-35:40
49            android:name="com.example.swarguru.LettersActivity"
49-->src\main\AndroidManifest.xml:34:13-44
50            android:exported="false" />
50-->src\main\AndroidManifest.xml:35:13-37
51        <activity
51-->src\main\AndroidManifest.xml:36:9-38:40
52            android:name="com.example.swarguru.LevelActivity"
52-->src\main\AndroidManifest.xml:37:13-42
53            android:exported="false" />
53-->src\main\AndroidManifest.xml:38:13-37
54        <activity
54-->src\main\AndroidManifest.xml:39:9-41:40
55            android:name="com.example.swarguru.WelcomesActivity"
55-->src\main\AndroidManifest.xml:40:13-45
56            android:exported="false" />
56-->src\main\AndroidManifest.xml:41:13-37
57        <activity
57-->src\main\AndroidManifest.xml:42:9-44:40
58            android:name="com.example.swarguru.DashboardActivity"
58-->src\main\AndroidManifest.xml:43:13-46
59            android:exported="false" />
59-->src\main\AndroidManifest.xml:44:13-37
60        <activity
60-->src\main\AndroidManifest.xml:45:9-47:40
61            android:name="com.example.swarguru.HomePageActivity"
61-->src\main\AndroidManifest.xml:46:13-45
62            android:exported="false" />
62-->src\main\AndroidManifest.xml:47:13-37
63        <activity
63-->src\main\AndroidManifest.xml:48:9-50:40
64            android:name="com.example.swarguru.TherapistActivity"
64-->src\main\AndroidManifest.xml:49:13-46
65            android:exported="false" />
65-->src\main\AndroidManifest.xml:50:13-37
66        <activity
66-->src\main\AndroidManifest.xml:51:9-53:40
67            android:name="com.example.swarguru.WordsActivity"
67-->src\main\AndroidManifest.xml:52:13-42
68            android:exported="false" />
68-->src\main\AndroidManifest.xml:53:13-37
69        <activity
69-->src\main\AndroidManifest.xml:54:9-56:40
70            android:name="com.example.swarguru.AgeActivity"
70-->src\main\AndroidManifest.xml:55:13-40
71            android:exported="false" />
71-->src\main\AndroidManifest.xml:56:13-37
72        <activity
72-->src\main\AndroidManifest.xml:57:9-59:40
73            android:name="com.example.swarguru.SpeechLevelActivity"
73-->src\main\AndroidManifest.xml:58:13-48
74            android:exported="false" />
74-->src\main\AndroidManifest.xml:59:13-37
75        <activity
75-->src\main\AndroidManifest.xml:54:9-56:40
76            android:name="com.example.swarguru.AgeActivity"
76-->src\main\AndroidManifest.xml:55:13-40
77            android:exported="false" />
77-->src\main\AndroidManifest.xml:56:13-37
78        <activity
78-->src\main\AndroidManifest.xml:63:9-65:40
79            android:name="com.example.swarguru.LanguageActivity"
79-->src\main\AndroidManifest.xml:64:13-45
80            android:exported="false" />
80-->src\main\AndroidManifest.xml:65:13-37
81        <activity
81-->src\main\AndroidManifest.xml:66:9-68:40
82            android:name="com.example.swarguru.SignupActivity"
82-->src\main\AndroidManifest.xml:67:13-43
83            android:exported="false" />
83-->src\main\AndroidManifest.xml:68:13-37
84        <activity
84-->src\main\AndroidManifest.xml:69:9-71:40
85            android:name="com.example.swarguru.LoginActivity"
85-->src\main\AndroidManifest.xml:70:13-42
86            android:exported="false" />
86-->src\main\AndroidManifest.xml:71:13-37
87        <activity
87-->src\main\AndroidManifest.xml:72:9-74:40
88            android:name="com.example.swarguru.RegisterActivity"
88-->src\main\AndroidManifest.xml:73:13-45
89            android:exported="false" />
89-->src\main\AndroidManifest.xml:74:13-37
90        <activity
90-->src\main\AndroidManifest.xml:75:9-84:20
91            android:name="com.example.swarguru.WelcomeActivity"
91-->src\main\AndroidManifest.xml:76:13-44
92            android:exported="true"
92-->src\main\AndroidManifest.xml:77:13-36
93            android:screenOrientation="portrait" >
93-->src\main\AndroidManifest.xml:78:13-49
94            <intent-filter>
94-->src\main\AndroidManifest.xml:79:13-83:29
95                <action android:name="android.intent.action.MAIN" />
95-->src\main\AndroidManifest.xml:80:17-69
95-->src\main\AndroidManifest.xml:80:25-66
96
97                <category android:name="android.intent.category.LAUNCHER" />
97-->src\main\AndroidManifest.xml:82:17-77
97-->src\main\AndroidManifest.xml:82:27-74
98            </intent-filter>
99        </activity>
100        <activity
100-->src\main\AndroidManifest.xml:85:9-87:40
101            android:name="com.example.swarguru.MainActivity"
101-->src\main\AndroidManifest.xml:86:13-41
102            android:exported="false" />
102-->src\main\AndroidManifest.xml:87:13-37
103
104        <meta-data
104-->src\main\AndroidManifest.xml:89:9-91:57
105            android:name="preloaded_fonts"
105-->src\main\AndroidManifest.xml:90:13-43
106            android:resource="@array/preloaded_fonts" />
106-->src\main\AndroidManifest.xml:91:13-54
107
108        <provider
108-->[androidx.emoji2:emoji2:1.2.0] AndroidManifest.xml:24:9-32:20
109            android:name="androidx.startup.InitializationProvider"
109-->[androidx.emoji2:emoji2:1.2.0] AndroidManifest.xml:25:13-67
110            android:authorities="com.example.swarguru.androidx-startup"
110-->[androidx.emoji2:emoji2:1.2.0] AndroidManifest.xml:26:13-68
111            android:exported="false" >
111-->[androidx.emoji2:emoji2:1.2.0] AndroidManifest.xml:27:13-37
112            <meta-data
112-->[androidx.emoji2:emoji2:1.2.0] AndroidManifest.xml:29:13-31:52
113                android:name="androidx.emoji2.text.EmojiCompatInitializer"
113-->[androidx.emoji2:emoji2:1.2.0] AndroidManifest.xml:30:17-75
114                android:value="androidx.startup" />
114-->[androidx.emoji2:emoji2:1.2.0] AndroidManifest.xml:31:17-49
115            <meta-data
115-->[androidx.lifecycle:lifecycle-process:2.6.1] AndroidManifest.xml:29:13-31:52
116                android:name="androidx.lifecycle.ProcessLifecycleInitializer"
116-->[androidx.lifecycle:lifecycle-process:2.6.1] AndroidManifest.xml:30:17-78
117                android:value="androidx.startup" />
117-->[androidx.lifecycle:lifecycle-process:2.6.1] AndroidManifest.xml:31:17-49
118            <meta-data
118-->[androidx.profileinstaller:profileinstaller:1.3.0] AndroidManifest.xml:29:13-31:52
119                android:name="androidx.profileinstaller.ProfileInstallerInitializer"
119-->[androidx.profileinstaller:profileinstaller:1.3.0] AndroidManifest.xml:30:17-85
120                android:value="androidx.startup" />
120-->[androidx.profileinstaller:profileinstaller:1.3.0] AndroidManifest.xml:31:17-49
121        </provider>
122
123        <receiver
123-->[androidx.profileinstaller:profileinstaller:1.3.0] AndroidManifest.xml:34:9-52:20
124            android:name="androidx.profileinstaller.ProfileInstallReceiver"
124-->[androidx.profileinstaller:profileinstaller:1.3.0] AndroidManifest.xml:35:13-76
125            android:directBootAware="false"
125-->[androidx.profileinstaller:profileinstaller:1.3.0] AndroidManifest.xml:36:13-44
126            android:enabled="true"
126-->[androidx.profileinstaller:profileinstaller:1.3.0] AndroidManifest.xml:37:13-35
127            android:exported="true"
127-->[androidx.profileinstaller:profileinstaller:1.3.0] AndroidManifest.xml:38:13-36
128            android:permission="android.permission.DUMP" >
128-->[androidx.profileinstaller:profileinstaller:1.3.0] AndroidManifest.xml:39:13-57
129            <intent-filter>
129-->[androidx.profileinstaller:profileinstaller:1.3.0] AndroidManifest.xml:40:13-42:29
130                <action android:name="androidx.profileinstaller.action.INSTALL_PROFILE" />
130-->[androidx.profileinstaller:profileinstaller:1.3.0] AndroidManifest.xml:41:17-91
130-->[androidx.profileinstaller:profileinstaller:1.3.0] AndroidManifest.xml:41:25-88
131            </intent-filter>
132            <intent-filter>
132-->[androidx.profileinstaller:profileinstaller:1.3.0] AndroidManifest.xml:43:13-45:29
133                <action android:name="androidx.profileinstaller.action.SKIP_FILE" />
133-->[androidx.profileinstaller:profileinstaller:1.3.0] AndroidManifest.xml:44:17-85
133-->[androidx.profileinstaller:profileinstaller:1.3.0] AndroidManifest.xml:44:25-82
134            </intent-filter>
135            <intent-filter>
135-->[androidx.profileinstaller:profileinstaller:1.3.0] AndroidManifest.xml:46:13-48:29
136                <action android:name="androidx.profileinstaller.action.SAVE_PROFILE" />
136-->[androidx.profileinstaller:profileinstaller:1.3.0] AndroidManifest.xml:47:17-88
136-->[androidx.profileinstaller:profileinstaller:1.3.0] AndroidManifest.xml:47:25-85
137            </intent-filter>
138            <intent-filter>
138-->[androidx.profileinstaller:profileinstaller:1.3.0] AndroidManifest.xml:49:13-51:29
139                <action android:name="androidx.profileinstaller.action.BENCHMARK_OPERATION" />
139-->[androidx.profileinstaller:profileinstaller:1.3.0] AndroidManifest.xml:50:17-95
139-->[androidx.profileinstaller:profileinstaller:1.3.0] AndroidManifest.xml:50:25-92
140            </intent-filter>
141        </receiver>
142    </application>
143
144</manifest>